
=== Sun Aug 13 21:35:01 2023

Packages were changed.
Update Mode: mergeDefaultDependencies

The following packages were added:
  com.unity.modules.ai@1.0.0
  com.unity.modules.androidjni@1.0.0
  com.unity.modules.animation@1.0.0
  com.unity.modules.assetbundle@1.0.0
  com.unity.modules.audio@1.0.0
  com.unity.modules.cloth@1.0.0
  com.unity.modules.director@1.0.0
  com.unity.modules.imageconversion@1.0.0
  com.unity.modules.imgui@1.0.0
  com.unity.modules.jsonserialize@1.0.0
  com.unity.modules.particlesystem@1.0.0
  com.unity.modules.physics@1.0.0
  com.unity.modules.physics2d@1.0.0
  com.unity.modules.screencapture@1.0.0
  com.unity.modules.terrain@1.0.0
  com.unity.modules.terrainphysics@1.0.0
  com.unity.modules.tilemap@1.0.0
  com.unity.modules.ui@1.0.0
  com.unity.modules.uielements@1.0.0
  com.unity.modules.umbra@1.0.0
  com.unity.modules.unityanalytics@1.0.0
  com.unity.modules.unitywebrequest@1.0.0
  com.unity.modules.unitywebrequestassetbundle@1.0.0
  com.unity.modules.unitywebrequestaudio@1.0.0
  com.unity.modules.unitywebrequesttexture@1.0.0
  com.unity.modules.unitywebrequestwww@1.0.0
  com.unity.modules.vehicles@1.0.0
  com.unity.modules.video@1.0.0
  com.unity.modules.vr@1.0.0
  com.unity.modules.wind@1.0.0
  com.unity.modules.xr@1.0.0
The following packages were updated:
  com.unity.collab-proxy from version 2.0.0 to 2.0.5
  com.unity.feature.2d from version 1.0.0 to 2.0.0
  com.unity.ide.rider from version 3.0.18 to 3.0.24
  com.unity.ide.visualstudio from version 2.0.17 to 2.0.18
  com.unity.timeline from version 1.7.3 to 1.7.4

=== Fri Mar 15 08:33:12 2024

Packages were changed.
Update Mode: updateDependencies

The following packages were updated:
  com.unity.collab-proxy from version 2.0.7 to 2.2.0
  com.unity.ide.rider from version 3.0.24 to 3.0.27
  com.unity.ide.visualstudio from version 2.0.20 to 2.0.22
  com.unity.postprocessing from version 3.2.2 to 3.4.0
  com.unity.timeline from version 1.7.5 to 1.7.6
  com.unity.visualscripting from version 1.8.0 to 1.9.1

=== Thu Jan  9 05:36:50 2025

Packages were changed.
Update Mode: updateDependencies

The following packages were added:
  com.unity.modules.accessibility@1.0.0
  com.unity.multiplayer.center@1.0.0
The following packages were updated:
  com.unity.collab-proxy from version 2.2.0 to 2.6.0
  com.unity.feature.2d from version 2.0.0 to 2.0.1
  com.unity.ide.rider from version 3.0.27 to 3.0.31
  com.unity.purchasing from version 4.10.0 to 4.12.2
  com.unity.test-framework from version 1.1.33 to 1.4.5
  com.unity.timeline from version 1.7.6 to 1.8.7
  com.unity.toolchain.win-x86_64-linux-x86_64 from version 2.0.6 to 2.0.10
  com.unity.ugui from version 1.0.0 to 2.0.0
  com.unity.visualscripting from version 1.9.1 to 1.9.5
The following packages were removed:
  com.unity.textmeshpro@3.0.6

=== Sun Nov  2 12:34:11 2025

Packages were changed.
Update Mode: updateDependencies

The following packages were updated:
  com.unity.collab-proxy from version 2.6.0 to 2.9.3
  com.unity.ide.rider from version 3.0.31 to 3.0.38
  com.unity.ide.visualstudio from version 2.0.22 to 2.0.23
  com.unity.postprocessing from version 3.4.0 to 3.5.0
  com.unity.test-framework from version 1.4.5 to 1.6.0
  com.unity.timeline from version 1.8.7 to 1.8.9
  com.unity.visualscripting from version 1.9.5 to 1.9.7
